{
  "RSpec": {
    "coverage": {
      "/Users/asiaellis/Projects/course-run-through/takeaway/spec/menu_spec.rb": {
        "lines": [
          1,
          null,
          1,
          3,
          3,
          null,
          1,
          1,
          1,
          null,
          null,
          null,
          1,
          1,
          1,
          null,
          null,
          null,
          null
        ]
      },
      "/Users/asiaellis/Projects/course-run-through/takeaway/lib/menu.rb": {
        "lines": [
          1,
          null,
          1,
          null,
          1,
          2,
          null,
          null,
          1,
          1,
          3,
          null,
          1,
          null,
          null,
          1,
          1,
          null,
          null
        ]
      },
      "/Users/asiaellis/Projects/course-run-through/takeaway/spec/order_spec.rb": {
        "lines": [
          1,
          null,
          1,
          4,
          4,
          4,
          null,
          1,
          1,
          1,
          1,
          1,
          1,
          1,
          null,
          null,
          1,
          1,
          2,
          null,
          null,
          null,
          1,
          1,
          1,
          1,
          1,
          1,
          1,
          null,
          null,
          null,
          null
        ]
      },
      "/Users/asiaellis/Projects/course-run-through/takeaway/lib/order.rb": {
        "lines": [
          1,
          null,
          1,
          null,
          1,
          3,
          3,
          null,
          null,
          1,
          5,
          4,
          null,
          null,
          1,
          1,
          2,
          null,
          1,
          null,
          null
        ]
      }
    },
    "timestamp": 1589118988
  }
}
